
╔══════════════════════════════════════════════╗
║     WhatsApp Web Bridge – Orchestrator       ║
╚══════════════════════════════════════════════╝

{"level":30,"time":1771246144955,"pid":99527,"hostname":"MacBook-Pro-de-Guillermo-2.local","msg":"WA Bridge HTTP API on port 3001"}

🌉 WA Bridge HTTP API: http://localhost:3001
Failed to decrypt message with any known session...
Session error:Error: Bad MAC Error: Bad MAC
    at Object.verifyMAC (/Users/guillermosierraaiello/dev/cursor-orchestrator/wa-bridge/node_modules/libsignal/src/crypto.js:87:15)
    at SessionCipher.doDecryptWhisperMessage (/Users/guillermosierraaiello/dev/cursor-orchestrator/wa-bridge/node_modules/libsignal/src/session_cipher.js:250:16)
    at async SessionCipher.decryptWithSessions (/Users/guillermosierraaiello/dev/cursor-orchestrator/wa-bridge/node_modules/libsignal/src/session_cipher.js:147:29)
    at async 220653995167847.58 [as awaitable] (/Users/guillermosierraaiello/dev/cursor-orchestrator/wa-bridge/node_modules/libsignal/src/session_cipher.js:171:28)
    at async _asyncQueueExecutor (/Users/guillermosierraaiello/dev/cursor-orchestrator/wa-bridge/node_modules/libsignal/src/queue_job.js:20:29)
Session error:Error: Bad MAC Error: Bad MAC
    at Object.verifyMAC (/Users/guillermosierraaiello/dev/cursor-orchestrator/wa-bridge/node_modules/libsignal/src/crypto.js:87:15)
    at SessionCipher.doDecryptWhisperMessage (/Users/guillermosierraaiello/dev/cursor-orchestrator/wa-bridge/node_modules/libsignal/src/session_cipher.js:250:16)
    at async SessionCipher.decryptWithSessions (/Users/guillermosierraaiello/dev/cursor-orchestrator/wa-bridge/node_modules/libsignal/src/session_cipher.js:147:29)
    at async 220653995167847.58 [as awaitable] (/Users/guillermosierraaiello/dev/cursor-orchestrator/wa-bridge/node_modules/libsignal/src/session_cipher.js:171:28)
    at async _asyncQueueExecutor (/Users/guillermosierraaiello/dev/cursor-orchestrator/wa-bridge/node_modules/libsignal/src/queue_job.js:20:29)
Session error:Error: Bad MAC Error: Bad MAC
    at Object.verifyMAC (/Users/guillermosierraaiello/dev/cursor-orchestrator/wa-bridge/node_modules/libsignal/src/crypto.js:87:15)
    at SessionCipher.doDecryptWhisperMessage (/Users/guillermosierraaiello/dev/cursor-orchestrator/wa-bridge/node_modules/libsignal/src/session_cipher.js:250:16)
    at async SessionCipher.decryptWithSessions (/Users/guillermosierraaiello/dev/cursor-orchestrator/wa-bridge/node_modules/libsignal/src/session_cipher.js:147:29)
    at async 220653995167847.58 [as awaitable] (/Users/guillermosierraaiello/dev/cursor-orchestrator/wa-bridge/node_modules/libsignal/src/session_cipher.js:171:28)
    at async _asyncQueueExecutor (/Users/guillermosierraaiello/dev/cursor-orchestrator/wa-bridge/node_modules/libsignal/src/queue_job.js:20:29)
Session error:Error: Bad MAC Error: Bad MAC
    at Object.verifyMAC (/Users/guillermosierraaiello/dev/cursor-orchestrator/wa-bridge/node_modules/libsignal/src/crypto.js:87:15)
    at SessionCipher.doDecryptWhisperMessage (/Users/guillermosierraaiello/dev/cursor-orchestrator/wa-bridge/node_modules/libsignal/src/session_cipher.js:250:16)
    at async SessionCipher.decryptWithSessions (/Users/guillermosierraaiello/dev/cursor-orchestrator/wa-bridge/node_modules/libsignal/src/session_cipher.js:147:29)
    at async 220653995167847.58 [as awaitable] (/Users/guillermosierraaiello/dev/cursor-orchestrator/wa-bridge/node_modules/libsignal/src/session_cipher.js:171:28)
    at async _asyncQueueExecutor (/Users/guillermosierraaiello/dev/cursor-orchestrator/wa-bridge/node_modules/libsignal/src/queue_job.js:20:29)
Session error:Error: Bad MAC Error: Bad MAC
    at Object.verifyMAC (/Users/guillermosierraaiello/dev/cursor-orchestrator/wa-bridge/node_modules/libsignal/src/crypto.js:87:15)
    at SessionCipher.doDecryptWhisperMessage (/Users/guillermosierraaiello/dev/cursor-orchestrator/wa-bridge/node_modules/libsignal/src/session_cipher.js:250:16)
    at async SessionCipher.decryptWithSessions (/Users/guillermosierraaiello/dev/cursor-orchestrator/wa-bridge/node_modules/libsignal/src/session_cipher.js:147:29)
    at async 220653995167847.58 [as awaitable] (/Users/guillermosierraaiello/dev/cursor-orchestrator/wa-bridge/node_modules/libsignal/src/session_cipher.js:171:28)
    at async _asyncQueueExecutor (/Users/guillermosierraaiello/dev/cursor-orchestrator/wa-bridge/node_modules/libsignal/src/queue_job.js:20:29)
Session error:Error: Bad MAC Error: Bad MAC
    at Object.verifyMAC (/Users/guillermosierraaiello/dev/cursor-orchestrator/wa-bridge/node_modules/libsignal/src/crypto.js:87:15)
    at SessionCipher.doDecryptWhisperMessage (/Users/guillermosierraaiello/dev/cursor-orchestrator/wa-bridge/node_modules/libsignal/src/session_cipher.js:250:16)
    at async SessionCipher.decryptWithSessions (/Users/guillermosierraaiello/dev/cursor-orchestrator/wa-bridge/node_modules/libsignal/src/session_cipher.js:147:29)
    at async 220653995167847.58 [as awaitable] (/Users/guillermosierraaiello/dev/cursor-orchestrator/wa-bridge/node_modules/libsignal/src/session_cipher.js:171:28)
    at async _asyncQueueExecutor (/Users/guillermosierraaiello/dev/cursor-orchestrator/wa-bridge/node_modules/libsignal/src/queue_job.js:20:29)
{"level":30,"time":1771246146578,"pid":99527,"hostname":"MacBook-Pro-de-Guillermo-2.local","msg":"WhatsApp conectado: Guillermo Sierra (34692842705:60)"}

✅ WhatsApp conectado como: Guillermo Sierra
   Numero: +34692842705:60
   Todos los numeros permitidos (sin whitelist)
   Bridge HTTP: http://localhost:3001

Failed to decrypt message with any known session...
Session error:Error: Bad MAC Error: Bad MAC
    at Object.verifyMAC (/Users/guillermosierraaiello/dev/cursor-orchestrator/wa-bridge/node_modules/libsignal/src/crypto.js:87:15)
    at SessionCipher.doDecryptWhisperMessage (/Users/guillermosierraaiello/dev/cursor-orchestrator/wa-bridge/node_modules/libsignal/src/session_cipher.js:250:16)
    at async SessionCipher.decryptWithSessions (/Users/guillermosierraaiello/dev/cursor-orchestrator/wa-bridge/node_modules/libsignal/src/session_cipher.js:147:29)
    at async 220653995167847.0 [as awaitable] (/Users/guillermosierraaiello/dev/cursor-orchestrator/wa-bridge/node_modules/libsignal/src/session_cipher.js:171:28)
    at async _asyncQueueExecutor (/Users/guillermosierraaiello/dev/cursor-orchestrator/wa-bridge/node_modules/libsignal/src/queue_job.js:20:29)
Session error:Error: Bad MAC Error: Bad MAC
    at Object.verifyMAC (/Users/guillermosierraaiello/dev/cursor-orchestrator/wa-bridge/node_modules/libsignal/src/crypto.js:87:15)
    at SessionCipher.doDecryptWhisperMessage (/Users/guillermosierraaiello/dev/cursor-orchestrator/wa-bridge/node_modules/libsignal/src/session_cipher.js:250:16)
    at async SessionCipher.decryptWithSessions (/Users/guillermosierraaiello/dev/cursor-orchestrator/wa-bridge/node_modules/libsignal/src/session_cipher.js:147:29)
    at async 220653995167847.0 [as awaitable] (/Users/guillermosierraaiello/dev/cursor-orchestrator/wa-bridge/node_modules/libsignal/src/session_cipher.js:171:28)
    at async _asyncQueueExecutor (/Users/guillermosierraaiello/dev/cursor-orchestrator/wa-bridge/node_modules/libsignal/src/queue_job.js:20:29)
Session error:Error: Bad MAC Error: Bad MAC
    at Object.verifyMAC (/Users/guillermosierraaiello/dev/cursor-orchestrator/wa-bridge/node_modules/libsignal/src/crypto.js:87:15)
    at SessionCipher.doDecryptWhisperMessage (/Users/guillermosierraaiello/dev/cursor-orchestrator/wa-bridge/node_modules/libsignal/src/session_cipher.js:250:16)
    at async SessionCipher.decryptWithSessions (/Users/guillermosierraaiello/dev/cursor-orchestrator/wa-bridge/node_modules/libsignal/src/session_cipher.js:147:29)
    at async 220653995167847.0 [as awaitable] (/Users/guillermosierraaiello/dev/cursor-orchestrator/wa-bridge/node_modules/libsignal/src/session_cipher.js:171:28)
    at async _asyncQueueExecutor (/Users/guillermosierraaiello/dev/cursor-orchestrator/wa-bridge/node_modules/libsignal/src/queue_job.js:20:29)
Session error:Error: Bad MAC Error: Bad MAC
    at Object.verifyMAC (/Users/guillermosierraaiello/dev/cursor-orchestrator/wa-bridge/node_modules/libsignal/src/crypto.js:87:15)
    at SessionCipher.doDecryptWhisperMessage (/Users/guillermosierraaiello/dev/cursor-orchestrator/wa-bridge/node_modules/libsignal/src/session_cipher.js:250:16)
    at async SessionCipher.decryptWithSessions (/Users/guillermosierraaiello/dev/cursor-orchestrator/wa-bridge/node_modules/libsignal/src/session_cipher.js:147:29)
    at async 220653995167847.0 [as awaitable] (/Users/guillermosierraaiello/dev/cursor-orchestrator/wa-bridge/node_modules/libsignal/src/session_cipher.js:171:28)
    at async _asyncQueueExecutor (/Users/guillermosierraaiello/dev/cursor-orchestrator/wa-bridge/node_modules/libsignal/src/queue_job.js:20:29)
Session error:Error: Bad MAC Error: Bad MAC
    at Object.verifyMAC (/Users/guillermosierraaiello/dev/cursor-orchestrator/wa-bridge/node_modules/libsignal/src/crypto.js:87:15)
    at SessionCipher.doDecryptWhisperMessage (/Users/guillermosierraaiello/dev/cursor-orchestrator/wa-bridge/node_modules/libsignal/src/session_cipher.js:250:16)
    at async SessionCipher.decryptWithSessions (/Users/guillermosierraaiello/dev/cursor-orchestrator/wa-bridge/node_modules/libsignal/src/session_cipher.js:147:29)
    at async 220653995167847.0 [as awaitable] (/Users/guillermosierraaiello/dev/cursor-orchestrator/wa-bridge/node_modules/libsignal/src/session_cipher.js:171:28)
    at async _asyncQueueExecutor (/Users/guillermosierraaiello/dev/cursor-orchestrator/wa-bridge/node_modules/libsignal/src/queue_job.js:20:29)
Session error:Error: Bad MAC Error: Bad MAC
    at Object.verifyMAC (/Users/guillermosierraaiello/dev/cursor-orchestrator/wa-bridge/node_modules/libsignal/src/crypto.js:87:15)
    at SessionCipher.doDecryptWhisperMessage (/Users/guillermosierraaiello/dev/cursor-orchestrator/wa-bridge/node_modules/libsignal/src/session_cipher.js:250:16)
    at async SessionCipher.decryptWithSessions (/Users/guillermosierraaiello/dev/cursor-orchestrator/wa-bridge/node_modules/libsignal/src/session_cipher.js:147:29)
    at async 220653995167847.0 [as awaitable] (/Users/guillermosierraaiello/dev/cursor-orchestrator/wa-bridge/node_modules/libsignal/src/session_cipher.js:171:28)
    at async _asyncQueueExecutor (/Users/guillermosierraaiello/dev/cursor-orchestrator/wa-bridge/node_modules/libsignal/src/queue_job.js:20:29)
Session error:Error: Bad MAC Error: Bad MAC
    at Object.verifyMAC (/Users/guillermosierraaiello/dev/cursor-orchestrator/wa-bridge/node_modules/libsignal/src/crypto.js:87:15)
    at SessionCipher.doDecryptWhisperMessage (/Users/guillermosierraaiello/dev/cursor-orchestrator/wa-bridge/node_modules/libsignal/src/session_cipher.js:250:16)
    at async SessionCipher.decryptWithSessions (/Users/guillermosierraaiello/dev/cursor-orchestrator/wa-bridge/node_modules/libsignal/src/session_cipher.js:147:29)
    at async 220653995167847.0 [as awaitable] (/Users/guillermosierraaiello/dev/cursor-orchestrator/wa-bridge/node_modules/libsignal/src/session_cipher.js:171:28)
    at async _asyncQueueExecutor (/Users/guillermosierraaiello/dev/cursor-orchestrator/wa-bridge/node_modules/libsignal/src/queue_job.js:20:29)
Failed to decrypt message with any known session...
Session error:Error: Bad MAC Error: Bad MAC
    at Object.verifyMAC (/Users/guillermosierraaiello/dev/cursor-orchestrator/wa-bridge/node_modules/libsignal/src/crypto.js:87:15)
    at SessionCipher.doDecryptWhisperMessage (/Users/guillermosierraaiello/dev/cursor-orchestrator/wa-bridge/node_modules/libsignal/src/session_cipher.js:250:16)
    at async SessionCipher.decryptWithSessions (/Users/guillermosierraaiello/dev/cursor-orchestrator/wa-bridge/node_modules/libsignal/src/session_cipher.js:147:29)
    at async 220653995167847.0 [as awaitable] (/Users/guillermosierraaiello/dev/cursor-orchestrator/wa-bridge/node_modules/libsignal/src/session_cipher.js:171:28)
    at async _asyncQueueExecutor (/Users/guillermosierraaiello/dev/cursor-orchestrator/wa-bridge/node_modules/libsignal/src/queue_job.js:20:29)
Session error:Error: Bad MAC Error: Bad MAC
    at Object.verifyMAC (/Users/guillermosierraaiello/dev/cursor-orchestrator/wa-bridge/node_modules/libsignal/src/crypto.js:87:15)
    at SessionCipher.doDecryptWhisperMessage (/Users/guillermosierraaiello/dev/cursor-orchestrator/wa-bridge/node_modules/libsignal/src/session_cipher.js:250:16)
    at async SessionCipher.decryptWithSessions (/Users/guillermosierraaiello/dev/cursor-orchestrator/wa-bridge/node_modules/libsignal/src/session_cipher.js:147:29)
    at async 220653995167847.0 [as awaitable] (/Users/guillermosierraaiello/dev/cursor-orchestrator/wa-bridge/node_modules/libsignal/src/session_cipher.js:171:28)
    at async _asyncQueueExecutor (/Users/guillermosierraaiello/dev/cursor-orchestrator/wa-bridge/node_modules/libsignal/src/queue_job.js:20:29)
Session error:Error: Bad MAC Error: Bad MAC
    at Object.verifyMAC (/Users/guillermosierraaiello/dev/cursor-orchestrator/wa-bridge/node_modules/libsignal/src/crypto.js:87:15)
    at SessionCipher.doDecryptWhisperMessage (/Users/guillermosierraaiello/dev/cursor-orchestrator/wa-bridge/node_modules/libsignal/src/session_cipher.js:250:16)
    at async SessionCipher.decryptWithSessions (/Users/guillermosierraaiello/dev/cursor-orchestrator/wa-bridge/node_modules/libsignal/src/session_cipher.js:147:29)
    at async 220653995167847.0 [as awaitable] (/Users/guillermosierraaiello/dev/cursor-orchestrator/wa-bridge/node_modules/libsignal/src/session_cipher.js:171:28)
    at async _asyncQueueExecutor (/Users/guillermosierraaiello/dev/cursor-orchestrator/wa-bridge/node_modules/libsignal/src/queue_job.js:20:29)
Session error:Error: Bad MAC Error: Bad MAC
    at Object.verifyMAC (/Users/guillermosierraaiello/dev/cursor-orchestrator/wa-bridge/node_modules/libsignal/src/crypto.js:87:15)
    at SessionCipher.doDecryptWhisperMessage (/Users/guillermosierraaiello/dev/cursor-orchestrator/wa-bridge/node_modules/libsignal/src/session_cipher.js:250:16)
    at async SessionCipher.decryptWithSessions (/Users/guillermosierraaiello/dev/cursor-orchestrator/wa-bridge/node_modules/libsignal/src/session_cipher.js:147:29)
    at async 220653995167847.0 [as awaitable] (/Users/guillermosierraaiello/dev/cursor-orchestrator/wa-bridge/node_modules/libsignal/src/session_cipher.js:171:28)
    at async _asyncQueueExecutor (/Users/guillermosierraaiello/dev/cursor-orchestrator/wa-bridge/node_modules/libsignal/src/queue_job.js:20:29)
Session error:Error: Bad MAC Error: Bad MAC
    at Object.verifyMAC (/Users/guillermosierraaiello/dev/cursor-orchestrator/wa-bridge/node_modules/libsignal/src/crypto.js:87:15)
    at SessionCipher.doDecryptWhisperMessage (/Users/guillermosierraaiello/dev/cursor-orchestrator/wa-bridge/node_modules/libsignal/src/session_cipher.js:250:16)
    at async SessionCipher.decryptWithSessions (/Users/guillermosierraaiello/dev/cursor-orchestrator/wa-bridge/node_modules/libsignal/src/session_cipher.js:147:29)
    at async 220653995167847.0 [as awaitable] (/Users/guillermosierraaiello/dev/cursor-orchestrator/wa-bridge/node_modules/libsignal/src/session_cipher.js:171:28)
    at async _asyncQueueExecutor (/Users/guillermosierraaiello/dev/cursor-orchestrator/wa-bridge/node_modules/libsignal/src/queue_job.js:20:29)
Session error:Error: Bad MAC Error: Bad MAC
    at Object.verifyMAC (/Users/guillermosierraaiello/dev/cursor-orchestrator/wa-bridge/node_modules/libsignal/src/crypto.js:87:15)
    at SessionCipher.doDecryptWhisperMessage (/Users/guillermosierraaiello/dev/cursor-orchestrator/wa-bridge/node_modules/libsignal/src/session_cipher.js:250:16)
    at async SessionCipher.decryptWithSessions (/Users/guillermosierraaiello/dev/cursor-orchestrator/wa-bridge/node_modules/libsignal/src/session_cipher.js:147:29)
    at async 220653995167847.0 [as awaitable] (/Users/guillermosierraaiello/dev/cursor-orchestrator/wa-bridge/node_modules/libsignal/src/session_cipher.js:171:28)
    at async _asyncQueueExecutor (/Users/guillermosierraaiello/dev/cursor-orchestrator/wa-bridge/node_modules/libsignal/src/queue_job.js:20:29)
Session error:Error: Bad MAC Error: Bad MAC
    at Object.verifyMAC (/Users/guillermosierraaiello/dev/cursor-orchestrator/wa-bridge/node_modules/libsignal/src/crypto.js:87:15)
    at SessionCipher.doDecryptWhisperMessage (/Users/guillermosierraaiello/dev/cursor-orchestrator/wa-bridge/node_modules/libsignal/src/session_cipher.js:250:16)
    at async SessionCipher.decryptWithSessions (/Users/guillermosierraaiello/dev/cursor-orchestrator/wa-bridge/node_modules/libsignal/src/session_cipher.js:147:29)
    at async 220653995167847.0 [as awaitable] (/Users/guillermosierraaiello/dev/cursor-orchestrator/wa-bridge/node_modules/libsignal/src/session_cipher.js:171:28)
    at async _asyncQueueExecutor (/Users/guillermosierraaiello/dev/cursor-orchestrator/wa-bridge/node_modules/libsignal/src/queue_job.js:20:29)
Failed to decrypt message with any known session...
Session error:Error: Bad MAC Error: Bad MAC
    at Object.verifyMAC (/Users/guillermosierraaiello/dev/cursor-orchestrator/wa-bridge/node_modules/libsignal/src/crypto.js:87:15)
    at SessionCipher.doDecryptWhisperMessage (/Users/guillermosierraaiello/dev/cursor-orchestrator/wa-bridge/node_modules/libsignal/src/session_cipher.js:250:16)
    at async SessionCipher.decryptWithSessions (/Users/guillermosierraaiello/dev/cursor-orchestrator/wa-bridge/node_modules/libsignal/src/session_cipher.js:147:29)
    at async 220653995167847.58 [as awaitable] (/Users/guillermosierraaiello/dev/cursor-orchestrator/wa-bridge/node_modules/libsignal/src/session_cipher.js:171:28)
    at async _asyncQueueExecutor (/Users/guillermosierraaiello/dev/cursor-orchestrator/wa-bridge/node_modules/libsignal/src/queue_job.js:20:29)
Session error:Error: Bad MAC Error: Bad MAC
    at Object.verifyMAC (/Users/guillermosierraaiello/dev/cursor-orchestrator/wa-bridge/node_modules/libsignal/src/crypto.js:87:15)
    at SessionCipher.doDecryptWhisperMessage (/Users/guillermosierraaiello/dev/cursor-orchestrator/wa-bridge/node_modules/libsignal/src/session_cipher.js:250:16)
    at async SessionCipher.decryptWithSessions (/Users/guillermosierraaiello/dev/cursor-orchestrator/wa-bridge/node_modules/libsignal/src/session_cipher.js:147:29)
    at async 220653995167847.58 [as awaitable] (/Users/guillermosierraaiello/dev/cursor-orchestrator/wa-bridge/node_modules/libsignal/src/session_cipher.js:171:28)
    at async _asyncQueueExecutor (/Users/guillermosierraaiello/dev/cursor-orchestrator/wa-bridge/node_modules/libsignal/src/queue_job.js:20:29)
Session error:Error: Bad MAC Error: Bad MAC
    at Object.verifyMAC (/Users/guillermosierraaiello/dev/cursor-orchestrator/wa-bridge/node_modules/libsignal/src/crypto.js:87:15)
    at SessionCipher.doDecryptWhisperMessage (/Users/guillermosierraaiello/dev/cursor-orchestrator/wa-bridge/node_modules/libsignal/src/session_cipher.js:250:16)
    at async SessionCipher.decryptWithSessions (/Users/guillermosierraaiello/dev/cursor-orchestrator/wa-bridge/node_modules/libsignal/src/session_cipher.js:147:29)
    at async 220653995167847.58 [as awaitable] (/Users/guillermosierraaiello/dev/cursor-orchestrator/wa-bridge/node_modules/libsignal/src/session_cipher.js:171:28)
    at async _asyncQueueExecutor (/Users/guillermosierraaiello/dev/cursor-orchestrator/wa-bridge/node_modules/libsignal/src/queue_job.js:20:29)
Session error:Error: Bad MAC Error: Bad MAC
    at Object.verifyMAC (/Users/guillermosierraaiello/dev/cursor-orchestrator/wa-bridge/node_modules/libsignal/src/crypto.js:87:15)
    at SessionCipher.doDecryptWhisperMessage (/Users/guillermosierraaiello/dev/cursor-orchestrator/wa-bridge/node_modules/libsignal/src/session_cipher.js:250:16)
    at async SessionCipher.decryptWithSessions (/Users/guillermosierraaiello/dev/cursor-orchestrator/wa-bridge/node_modules/libsignal/src/session_cipher.js:147:29)
    at async 220653995167847.58 [as awaitable] (/Users/guillermosierraaiello/dev/cursor-orchestrator/wa-bridge/node_modules/libsignal/src/session_cipher.js:171:28)
    at async _asyncQueueExecutor (/Users/guillermosierraaiello/dev/cursor-orchestrator/wa-bridge/node_modules/libsignal/src/queue_job.js:20:29)
Session error:Error: Bad MAC Error: Bad MAC
    at Object.verifyMAC (/Users/guillermosierraaiello/dev/cursor-orchestrator/wa-bridge/node_modules/libsignal/src/crypto.js:87:15)
    at SessionCipher.doDecryptWhisperMessage (/Users/guillermosierraaiello/dev/cursor-orchestrator/wa-bridge/node_modules/libsignal/src/session_cipher.js:250:16)
    at async SessionCipher.decryptWithSessions (/Users/guillermosierraaiello/dev/cursor-orchestrator/wa-bridge/node_modules/libsignal/src/session_cipher.js:147:29)
    at async 220653995167847.58 [as awaitable] (/Users/guillermosierraaiello/dev/cursor-orchestrator/wa-bridge/node_modules/libsignal/src/session_cipher.js:171:28)
    at async _asyncQueueExecutor (/Users/guillermosierraaiello/dev/cursor-orchestrator/wa-bridge/node_modules/libsignal/src/queue_job.js:20:29)
Session error:Error: Bad MAC Error: Bad MAC
    at Object.verifyMAC (/Users/guillermosierraaiello/dev/cursor-orchestrator/wa-bridge/node_modules/libsignal/src/crypto.js:87:15)
    at SessionCipher.doDecryptWhisperMessage (/Users/guillermosierraaiello/dev/cursor-orchestrator/wa-bridge/node_modules/libsignal/src/session_cipher.js:250:16)
    at async SessionCipher.decryptWithSessions (/Users/guillermosierraaiello/dev/cursor-orchestrator/wa-bridge/node_modules/libsignal/src/session_cipher.js:147:29)
    at async 220653995167847.58 [as awaitable] (/Users/guillermosierraaiello/dev/cursor-orchestrator/wa-bridge/node_modules/libsignal/src/session_cipher.js:171:28)
    at async _asyncQueueExecutor (/Users/guillermosierraaiello/dev/cursor-orchestrator/wa-bridge/node_modules/libsignal/src/queue_job.js:20:29)
Failed to decrypt message with any known session...
Session error:Error: Bad MAC Error: Bad MAC
    at Object.verifyMAC (/Users/guillermosierraaiello/dev/cursor-orchestrator/wa-bridge/node_modules/libsignal/src/crypto.js:87:15)
    at SessionCipher.doDecryptWhisperMessage (/Users/guillermosierraaiello/dev/cursor-orchestrator/wa-bridge/node_modules/libsignal/src/session_cipher.js:250:16)
    at async SessionCipher.decryptWithSessions (/Users/guillermosierraaiello/dev/cursor-orchestrator/wa-bridge/node_modules/libsignal/src/session_cipher.js:147:29)
    at async 220653995167847.58 [as awaitable] (/Users/guillermosierraaiello/dev/cursor-orchestrator/wa-bridge/node_modules/libsignal/src/session_cipher.js:171:28)
    at async _asyncQueueExecutor (/Users/guillermosierraaiello/dev/cursor-orchestrator/wa-bridge/node_modules/libsignal/src/queue_job.js:20:29)
Session error:Error: Bad MAC Error: Bad MAC
    at Object.verifyMAC (/Users/guillermosierraaiello/dev/cursor-orchestrator/wa-bridge/node_modules/libsignal/src/crypto.js:87:15)
    at SessionCipher.doDecryptWhisperMessage (/Users/guillermosierraaiello/dev/cursor-orchestrator/wa-bridge/node_modules/libsignal/src/session_cipher.js:250:16)
    at async SessionCipher.decryptWithSessions (/Users/guillermosierraaiello/dev/cursor-orchestrator/wa-bridge/node_modules/libsignal/src/session_cipher.js:147:29)
    at async 220653995167847.58 [as awaitable] (/Users/guillermosierraaiello/dev/cursor-orchestrator/wa-bridge/node_modules/libsignal/src/session_cipher.js:171:28)
    at async _asyncQueueExecutor (/Users/guillermosierraaiello/dev/cursor-orchestrator/wa-bridge/node_modules/libsignal/src/queue_job.js:20:29)
Session error:Error: Bad MAC Error: Bad MAC
    at Object.verifyMAC (/Users/guillermosierraaiello/dev/cursor-orchestrator/wa-bridge/node_modules/libsignal/src/crypto.js:87:15)
    at SessionCipher.doDecryptWhisperMessage (/Users/guillermosierraaiello/dev/cursor-orchestrator/wa-bridge/node_modules/libsignal/src/session_cipher.js:250:16)
    at async SessionCipher.decryptWithSessions (/Users/guillermosierraaiello/dev/cursor-orchestrator/wa-bridge/node_modules/libsignal/src/session_cipher.js:147:29)
    at async 220653995167847.58 [as awaitable] (/Users/guillermosierraaiello/dev/cursor-orchestrator/wa-bridge/node_modules/libsignal/src/session_cipher.js:171:28)
    at async _asyncQueueExecutor (/Users/guillermosierraaiello/dev/cursor-orchestrator/wa-bridge/node_modules/libsignal/src/queue_job.js:20:29)
Session error:Error: Bad MAC Error: Bad MAC
    at Object.verifyMAC (/Users/guillermosierraaiello/dev/cursor-orchestrator/wa-bridge/node_modules/libsignal/src/crypto.js:87:15)
    at SessionCipher.doDecryptWhisperMessage (/Users/guillermosierraaiello/dev/cursor-orchestrator/wa-bridge/node_modules/libsignal/src/session_cipher.js:250:16)
    at async SessionCipher.decryptWithSessions (/Users/guillermosierraaiello/dev/cursor-orchestrator/wa-bridge/node_modules/libsignal/src/session_cipher.js:147:29)
    at async 220653995167847.58 [as awaitable] (/Users/guillermosierraaiello/dev/cursor-orchestrator/wa-bridge/node_modules/libsignal/src/session_cipher.js:171:28)
    at async _asyncQueueExecutor (/Users/guillermosierraaiello/dev/cursor-orchestrator/wa-bridge/node_modules/libsignal/src/queue_job.js:20:29)
Session error:Error: Bad MAC Error: Bad MAC
    at Object.verifyMAC (/Users/guillermosierraaiello/dev/cursor-orchestrator/wa-bridge/node_modules/libsignal/src/crypto.js:87:15)
    at SessionCipher.doDecryptWhisperMessage (/Users/guillermosierraaiello/dev/cursor-orchestrator/wa-bridge/node_modules/libsignal/src/session_cipher.js:250:16)
    at async SessionCipher.decryptWithSessions (/Users/guillermosierraaiello/dev/cursor-orchestrator/wa-bridge/node_modules/libsignal/src/session_cipher.js:147:29)
    at async 220653995167847.58 [as awaitable] (/Users/guillermosierraaiello/dev/cursor-orchestrator/wa-bridge/node_modules/libsignal/src/session_cipher.js:171:28)
    at async _asyncQueueExecutor (/Users/guillermosierraaiello/dev/cursor-orchestrator/wa-bridge/node_modules/libsignal/src/queue_job.js:20:29)
Session error:Error: Bad MAC Error: Bad MAC
    at Object.verifyMAC (/Users/guillermosierraaiello/dev/cursor-orchestrator/wa-bridge/node_modules/libsignal/src/crypto.js:87:15)
    at SessionCipher.doDecryptWhisperMessage (/Users/guillermosierraaiello/dev/cursor-orchestrator/wa-bridge/node_modules/libsignal/src/session_cipher.js:250:16)
    at async SessionCipher.decryptWithSessions (/Users/guillermosierraaiello/dev/cursor-orchestrator/wa-bridge/node_modules/libsignal/src/session_cipher.js:147:29)
    at async 220653995167847.58 [as awaitable] (/Users/guillermosierraaiello/dev/cursor-orchestrator/wa-bridge/node_modules/libsignal/src/session_cipher.js:171:28)
    at async _asyncQueueExecutor (/Users/guillermosierraaiello/dev/cursor-orchestrator/wa-bridge/node_modules/libsignal/src/queue_job.js:20:29)
Failed to decrypt message with any known session...
Session error:Error: Bad MAC Error: Bad MAC
    at Object.verifyMAC (/Users/guillermosierraaiello/dev/cursor-orchestrator/wa-bridge/node_modules/libsignal/src/crypto.js:87:15)
    at SessionCipher.doDecryptWhisperMessage (/Users/guillermosierraaiello/dev/cursor-orchestrator/wa-bridge/node_modules/libsignal/src/session_cipher.js:250:16)
    at async SessionCipher.decryptWithSessions (/Users/guillermosierraaiello/dev/cursor-orchestrator/wa-bridge/node_modules/libsignal/src/session_cipher.js:147:29)
    at async 220653995167847.0 [as awaitable] (/Users/guillermosierraaiello/dev/cursor-orchestrator/wa-bridge/node_modules/libsignal/src/session_cipher.js:171:28)
    at async _asyncQueueExecutor (/Users/guillermosierraaiello/dev/cursor-orchestrator/wa-bridge/node_modules/libsignal/src/queue_job.js:20:29)
Session error:Error: Bad MAC Error: Bad MAC
    at Object.verifyMAC (/Users/guillermosierraaiello/dev/cursor-orchestrator/wa-bridge/node_modules/libsignal/src/crypto.js:87:15)
    at SessionCipher.doDecryptWhisperMessage (/Users/guillermosierraaiello/dev/cursor-orchestrator/wa-bridge/node_modules/libsignal/src/session_cipher.js:250:16)
    at async SessionCipher.decryptWithSessions (/Users/guillermosierraaiello/dev/cursor-orchestrator/wa-bridge/node_modules/libsignal/src/session_cipher.js:147:29)
    at async 220653995167847.0 [as awaitable] (/Users/guillermosierraaiello/dev/cursor-orchestrator/wa-bridge/node_modules/libsignal/src/session_cipher.js:171:28)
    at async _asyncQueueExecutor (/Users/guillermosierraaiello/dev/cursor-orchestrator/wa-bridge/node_modules/libsignal/src/queue_job.js:20:29)
Session error:Error: Bad MAC Error: Bad MAC
    at Object.verifyMAC (/Users/guillermosierraaiello/dev/cursor-orchestrator/wa-bridge/node_modules/libsignal/src/crypto.js:87:15)
    at SessionCipher.doDecryptWhisperMessage (/Users/guillermosierraaiello/dev/cursor-orchestrator/wa-bridge/node_modules/libsignal/src/session_cipher.js:250:16)
    at async SessionCipher.decryptWithSessions (/Users/guillermosierraaiello/dev/cursor-orchestrator/wa-bridge/node_modules/libsignal/src/session_cipher.js:147:29)
    at async 220653995167847.0 [as awaitable] (/Users/guillermosierraaiello/dev/cursor-orchestrator/wa-bridge/node_modules/libsignal/src/session_cipher.js:171:28)
    at async _asyncQueueExecutor (/Users/guillermosierraaiello/dev/cursor-orchestrator/wa-bridge/node_modules/libsignal/src/queue_job.js:20:29)
Session error:Error: Bad MAC Error: Bad MAC
    at Object.verifyMAC (/Users/guillermosierraaiello/dev/cursor-orchestrator/wa-bridge/node_modules/libsignal/src/crypto.js:87:15)
    at SessionCipher.doDecryptWhisperMessage (/Users/guillermosierraaiello/dev/cursor-orchestrator/wa-bridge/node_modules/libsignal/src/session_cipher.js:250:16)
    at async SessionCipher.decryptWithSessions (/Users/guillermosierraaiello/dev/cursor-orchestrator/wa-bridge/node_modules/libsignal/src/session_cipher.js:147:29)
    at async 220653995167847.0 [as awaitable] (/Users/guillermosierraaiello/dev/cursor-orchestrator/wa-bridge/node_modules/libsignal/src/session_cipher.js:171:28)
    at async _asyncQueueExecutor (/Users/guillermosierraaiello/dev/cursor-orchestrator/wa-bridge/node_modules/libsignal/src/queue_job.js:20:29)
Session error:Error: Bad MAC Error: Bad MAC
    at Object.verifyMAC (/Users/guillermosierraaiello/dev/cursor-orchestrator/wa-bridge/node_modules/libsignal/src/crypto.js:87:15)
    at SessionCipher.doDecryptWhisperMessage (/Users/guillermosierraaiello/dev/cursor-orchestrator/wa-bridge/node_modules/libsignal/src/session_cipher.js:250:16)
    at async SessionCipher.decryptWithSessions (/Users/guillermosierraaiello/dev/cursor-orchestrator/wa-bridge/node_modules/libsignal/src/session_cipher.js:147:29)
    at async 220653995167847.0 [as awaitable] (/Users/guillermosierraaiello/dev/cursor-orchestrator/wa-bridge/node_modules/libsignal/src/session_cipher.js:171:28)
    at async _asyncQueueExecutor (/Users/guillermosierraaiello/dev/cursor-orchestrator/wa-bridge/node_modules/libsignal/src/queue_job.js:20:29)
Session error:Error: Bad MAC Error: Bad MAC
    at Object.verifyMAC (/Users/guillermosierraaiello/dev/cursor-orchestrator/wa-bridge/node_modules/libsignal/src/crypto.js:87:15)
    at SessionCipher.doDecryptWhisperMessage (/Users/guillermosierraaiello/dev/cursor-orchestrator/wa-bridge/node_modules/libsignal/src/session_cipher.js:250:16)
    at async SessionCipher.decryptWithSessions (/Users/guillermosierraaiello/dev/cursor-orchestrator/wa-bridge/node_modules/libsignal/src/session_cipher.js:147:29)
    at async 220653995167847.0 [as awaitable] (/Users/guillermosierraaiello/dev/cursor-orchestrator/wa-bridge/node_modules/libsignal/src/session_cipher.js:171:28)
    at async _asyncQueueExecutor (/Users/guillermosierraaiello/dev/cursor-orchestrator/wa-bridge/node_modules/libsignal/src/queue_job.js:20:29)
Session error:Error: Bad MAC Error: Bad MAC
    at Object.verifyMAC (/Users/guillermosierraaiello/dev/cursor-orchestrator/wa-bridge/node_modules/libsignal/src/crypto.js:87:15)
    at SessionCipher.doDecryptWhisperMessage (/Users/guillermosierraaiello/dev/cursor-orchestrator/wa-bridge/node_modules/libsignal/src/session_cipher.js:250:16)
    at async SessionCipher.decryptWithSessions (/Users/guillermosierraaiello/dev/cursor-orchestrator/wa-bridge/node_modules/libsignal/src/session_cipher.js:147:29)
    at async 220653995167847.0 [as awaitable] (/Users/guillermosierraaiello/dev/cursor-orchestrator/wa-bridge/node_modules/libsignal/src/session_cipher.js:171:28)
    at async _asyncQueueExecutor (/Users/guillermosierraaiello/dev/cursor-orchestrator/wa-bridge/node_modules/libsignal/src/queue_job.js:20:29)
Failed to decrypt message with any known session...
Session error:Error: Bad MAC Error: Bad MAC
    at Object.verifyMAC (/Users/guillermosierraaiello/dev/cursor-orchestrator/wa-bridge/node_modules/libsignal/src/crypto.js:87:15)
    at SessionCipher.doDecryptWhisperMessage (/Users/guillermosierraaiello/dev/cursor-orchestrator/wa-bridge/node_modules/libsignal/src/session_cipher.js:250:16)
    at async SessionCipher.decryptWithSessions (/Users/guillermosierraaiello/dev/cursor-orchestrator/wa-bridge/node_modules/libsignal/src/session_cipher.js:147:29)
    at async 220653995167847.0 [as awaitable] (/Users/guillermosierraaiello/dev/cursor-orchestrator/wa-bridge/node_modules/libsignal/src/session_cipher.js:171:28)
    at async _asyncQueueExecutor (/Users/guillermosierraaiello/dev/cursor-orchestrator/wa-bridge/node_modules/libsignal/src/queue_job.js:20:29)
Session error:Error: Bad MAC Error: Bad MAC
    at Object.verifyMAC (/Users/guillermosierraaiello/dev/cursor-orchestrator/wa-bridge/node_modules/libsignal/src/crypto.js:87:15)
    at SessionCipher.doDecryptWhisperMessage (/Users/guillermosierraaiello/dev/cursor-orchestrator/wa-bridge/node_modules/libsignal/src/session_cipher.js:250:16)
    at async SessionCipher.decryptWithSessions (/Users/guillermosierraaiello/dev/cursor-orchestrator/wa-bridge/node_modules/libsignal/src/session_cipher.js:147:29)
    at async 220653995167847.0 [as awaitable] (/Users/guillermosierraaiello/dev/cursor-orchestrator/wa-bridge/node_modules/libsignal/src/session_cipher.js:171:28)
    at async _asyncQueueExecutor (/Users/guillermosierraaiello/dev/cursor-orchestrator/wa-bridge/node_modules/libsignal/src/queue_job.js:20:29)
Session error:Error: Bad MAC Error: Bad MAC
    at Object.verifyMAC (/Users/guillermosierraaiello/dev/cursor-orchestrator/wa-bridge/node_modules/libsignal/src/crypto.js:87:15)
    at SessionCipher.doDecryptWhisperMessage (/Users/guillermosierraaiello/dev/cursor-orchestrator/wa-bridge/node_modules/libsignal/src/session_cipher.js:250:16)
    at async SessionCipher.decryptWithSessions (/Users/guillermosierraaiello/dev/cursor-orchestrator/wa-bridge/node_modules/libsignal/src/session_cipher.js:147:29)
    at async 220653995167847.0 [as awaitable] (/Users/guillermosierraaiello/dev/cursor-orchestrator/wa-bridge/node_modules/libsignal/src/session_cipher.js:171:28)
    at async _asyncQueueExecutor (/Users/guillermosierraaiello/dev/cursor-orchestrator/wa-bridge/node_modules/libsignal/src/queue_job.js:20:29)
Session error:Error: Bad MAC Error: Bad MAC
    at Object.verifyMAC (/Users/guillermosierraaiello/dev/cursor-orchestrator/wa-bridge/node_modules/libsignal/src/crypto.js:87:15)
    at SessionCipher.doDecryptWhisperMessage (/Users/guillermosierraaiello/dev/cursor-orchestrator/wa-bridge/node_modules/libsignal/src/session_cipher.js:250:16)
    at async SessionCipher.decryptWithSessions (/Users/guillermosierraaiello/dev/cursor-orchestrator/wa-bridge/node_modules/libsignal/src/session_cipher.js:147:29)
    at async 220653995167847.0 [as awaitable] (/Users/guillermosierraaiello/dev/cursor-orchestrator/wa-bridge/node_modules/libsignal/src/session_cipher.js:171:28)
    at async _asyncQueueExecutor (/Users/guillermosierraaiello/dev/cursor-orchestrator/wa-bridge/node_modules/libsignal/src/queue_job.js:20:29)
Session error:Error: Bad MAC Error: Bad MAC
    at Object.verifyMAC (/Users/guillermosierraaiello/dev/cursor-orchestrator/wa-bridge/node_modules/libsignal/src/crypto.js:87:15)
    at SessionCipher.doDecryptWhisperMessage (/Users/guillermosierraaiello/dev/cursor-orchestrator/wa-bridge/node_modules/libsignal/src/session_cipher.js:250:16)
    at async SessionCipher.decryptWithSessions (/Users/guillermosierraaiello/dev/cursor-orchestrator/wa-bridge/node_modules/libsignal/src/session_cipher.js:147:29)
    at async 220653995167847.0 [as awaitable] (/Users/guillermosierraaiello/dev/cursor-orchestrator/wa-bridge/node_modules/libsignal/src/session_cipher.js:171:28)
    at async _asyncQueueExecutor (/Users/guillermosierraaiello/dev/cursor-orchestrator/wa-bridge/node_modules/libsignal/src/queue_job.js:20:29)
Session error:Error: Bad MAC Error: Bad MAC
    at Object.verifyMAC (/Users/guillermosierraaiello/dev/cursor-orchestrator/wa-bridge/node_modules/libsignal/src/crypto.js:87:15)
    at SessionCipher.doDecryptWhisperMessage (/Users/guillermosierraaiello/dev/cursor-orchestrator/wa-bridge/node_modules/libsignal/src/session_cipher.js:250:16)
    at async SessionCipher.decryptWithSessions (/Users/guillermosierraaiello/dev/cursor-orchestrator/wa-bridge/node_modules/libsignal/src/session_cipher.js:147:29)
    at async 220653995167847.0 [as awaitable] (/Users/guillermosierraaiello/dev/cursor-orchestrator/wa-bridge/node_modules/libsignal/src/session_cipher.js:171:28)
    at async _asyncQueueExecutor (/Users/guillermosierraaiello/dev/cursor-orchestrator/wa-bridge/node_modules/libsignal/src/queue_job.js:20:29)
Session error:Error: Bad MAC Error: Bad MAC
    at Object.verifyMAC (/Users/guillermosierraaiello/dev/cursor-orchestrator/wa-bridge/node_modules/libsignal/src/crypto.js:87:15)
    at SessionCipher.doDecryptWhisperMessage (/Users/guillermosierraaiello/dev/cursor-orchestrator/wa-bridge/node_modules/libsignal/src/session_cipher.js:250:16)
    at async SessionCipher.decryptWithSessions (/Users/guillermosierraaiello/dev/cursor-orchestrator/wa-bridge/node_modules/libsignal/src/session_cipher.js:147:29)
    at async 220653995167847.0 [as awaitable] (/Users/guillermosierraaiello/dev/cursor-orchestrator/wa-bridge/node_modules/libsignal/src/session_cipher.js:171:28)
    at async _asyncQueueExecutor (/Users/guillermosierraaiello/dev/cursor-orchestrator/wa-bridge/node_modules/libsignal/src/queue_job.js:20:29)
Failed to decrypt message with any known session...
Session error:Error: Bad MAC Error: Bad MAC
    at Object.verifyMAC (/Users/guillermosierraaiello/dev/cursor-orchestrator/wa-bridge/node_modules/libsignal/src/crypto.js:87:15)
    at SessionCipher.doDecryptWhisperMessage (/Users/guillermosierraaiello/dev/cursor-orchestrator/wa-bridge/node_modules/libsignal/src/session_cipher.js:250:16)
    at async SessionCipher.decryptWithSessions (/Users/guillermosierraaiello/dev/cursor-orchestrator/wa-bridge/node_modules/libsignal/src/session_cipher.js:147:29)
    at async 220653995167847.0 [as awaitable] (/Users/guillermosierraaiello/dev/cursor-orchestrator/wa-bridge/node_modules/libsignal/src/session_cipher.js:171:28)
    at async _asyncQueueExecutor (/Users/guillermosierraaiello/dev/cursor-orchestrator/wa-bridge/node_modules/libsignal/src/queue_job.js:20:29)
Session error:Error: Bad MAC Error: Bad MAC
    at Object.verifyMAC (/Users/guillermosierraaiello/dev/cursor-orchestrator/wa-bridge/node_modules/libsignal/src/crypto.js:87:15)
    at SessionCipher.doDecryptWhisperMessage (/Users/guillermosierraaiello/dev/cursor-orchestrator/wa-bridge/node_modules/libsignal/src/session_cipher.js:250:16)
    at async SessionCipher.decryptWithSessions (/Users/guillermosierraaiello/dev/cursor-orchestrator/wa-bridge/node_modules/libsignal/src/session_cipher.js:147:29)
    at async 220653995167847.0 [as awaitable] (/Users/guillermosierraaiello/dev/cursor-orchestrator/wa-bridge/node_modules/libsignal/src/session_cipher.js:171:28)
    at async _asyncQueueExecutor (/Users/guillermosierraaiello/dev/cursor-orchestrator/wa-bridge/node_modules/libsignal/src/queue_job.js:20:29)
Session error:Error: Bad MAC Error: Bad MAC
    at Object.verifyMAC (/Users/guillermosierraaiello/dev/cursor-orchestrator/wa-bridge/node_modules/libsignal/src/crypto.js:87:15)
    at SessionCipher.doDecryptWhisperMessage (/Users/guillermosierraaiello/dev/cursor-orchestrator/wa-bridge/node_modules/libsignal/src/session_cipher.js:250:16)
    at async SessionCipher.decryptWithSessions (/Users/guillermosierraaiello/dev/cursor-orchestrator/wa-bridge/node_modules/libsignal/src/session_cipher.js:147:29)
    at async 220653995167847.0 [as awaitable] (/Users/guillermosierraaiello/dev/cursor-orchestrator/wa-bridge/node_modules/libsignal/src/session_cipher.js:171:28)
    at async _asyncQueueExecutor (/Users/guillermosierraaiello/dev/cursor-orchestrator/wa-bridge/node_modules/libsignal/src/queue_job.js:20:29)
Session error:Error: Bad MAC Error: Bad MAC
    at Object.verifyMAC (/Users/guillermosierraaiello/dev/cursor-orchestrator/wa-bridge/node_modules/libsignal/src/crypto.js:87:15)
    at SessionCipher.doDecryptWhisperMessage (/Users/guillermosierraaiello/dev/cursor-orchestrator/wa-bridge/node_modules/libsignal/src/session_cipher.js:250:16)
    at async SessionCipher.decryptWithSessions (/Users/guillermosierraaiello/dev/cursor-orchestrator/wa-bridge/node_modules/libsignal/src/session_cipher.js:147:29)
    at async 220653995167847.0 [as awaitable] (/Users/guillermosierraaiello/dev/cursor-orchestrator/wa-bridge/node_modules/libsignal/src/session_cipher.js:171:28)
    at async _asyncQueueExecutor (/Users/guillermosierraaiello/dev/cursor-orchestrator/wa-bridge/node_modules/libsignal/src/queue_job.js:20:29)
Session error:Error: Bad MAC Error: Bad MAC
    at Object.verifyMAC (/Users/guillermosierraaiello/dev/cursor-orchestrator/wa-bridge/node_modules/libsignal/src/crypto.js:87:15)
    at SessionCipher.doDecryptWhisperMessage (/Users/guillermosierraaiello/dev/cursor-orchestrator/wa-bridge/node_modules/libsignal/src/session_cipher.js:250:16)
    at async SessionCipher.decryptWithSessions (/Users/guillermosierraaiello/dev/cursor-orchestrator/wa-bridge/node_modules/libsignal/src/session_cipher.js:147:29)
    at async 220653995167847.0 [as awaitable] (/Users/guillermosierraaiello/dev/cursor-orchestrator/wa-bridge/node_modules/libsignal/src/session_cipher.js:171:28)
    at async _asyncQueueExecutor (/Users/guillermosierraaiello/dev/cursor-orchestrator/wa-bridge/node_modules/libsignal/src/queue_job.js:20:29)
Session error:Error: Bad MAC Error: Bad MAC
    at Object.verifyMAC (/Users/guillermosierraaiello/dev/cursor-orchestrator/wa-bridge/node_modules/libsignal/src/crypto.js:87:15)
    at SessionCipher.doDecryptWhisperMessage (/Users/guillermosierraaiello/dev/cursor-orchestrator/wa-bridge/node_modules/libsignal/src/session_cipher.js:250:16)
    at async SessionCipher.decryptWithSessions (/Users/guillermosierraaiello/dev/cursor-orchestrator/wa-bridge/node_modules/libsignal/src/session_cipher.js:147:29)
    at async 220653995167847.0 [as awaitable] (/Users/guillermosierraaiello/dev/cursor-orchestrator/wa-bridge/node_modules/libsignal/src/session_cipher.js:171:28)
    at async _asyncQueueExecutor (/Users/guillermosierraaiello/dev/cursor-orchestrator/wa-bridge/node_modules/libsignal/src/queue_job.js:20:29)
Session error:Error: Bad MAC Error: Bad MAC
    at Object.verifyMAC (/Users/guillermosierraaiello/dev/cursor-orchestrator/wa-bridge/node_modules/libsignal/src/crypto.js:87:15)
    at SessionCipher.doDecryptWhisperMessage (/Users/guillermosierraaiello/dev/cursor-orchestrator/wa-bridge/node_modules/libsignal/src/session_cipher.js:250:16)
    at async SessionCipher.decryptWithSessions (/Users/guillermosierraaiello/dev/cursor-orchestrator/wa-bridge/node_modules/libsignal/src/session_cipher.js:147:29)
    at async 220653995167847.0 [as awaitable] (/Users/guillermosierraaiello/dev/cursor-orchestrator/wa-bridge/node_modules/libsignal/src/session_cipher.js:171:28)
    at async _asyncQueueExecutor (/Users/guillermosierraaiello/dev/cursor-orchestrator/wa-bridge/node_modules/libsignal/src/queue_job.js:20:29)
Failed to decrypt message with any known session...
Session error:Error: Bad MAC Error: Bad MAC
    at Object.verifyMAC (/Users/guillermosierraaiello/dev/cursor-orchestrator/wa-bridge/node_modules/libsignal/src/crypto.js:87:15)
    at SessionCipher.doDecryptWhisperMessage (/Users/guillermosierraaiello/dev/cursor-orchestrator/wa-bridge/node_modules/libsignal/src/session_cipher.js:250:16)
    at async SessionCipher.decryptWithSessions (/Users/guillermosierraaiello/dev/cursor-orchestrator/wa-bridge/node_modules/libsignal/src/session_cipher.js:147:29)
    at async 220653995167847.0 [as awaitable] (/Users/guillermosierraaiello/dev/cursor-orchestrator/wa-bridge/node_modules/libsignal/src/session_cipher.js:171:28)
    at async _asyncQueueExecutor (/Users/guillermosierraaiello/dev/cursor-orchestrator/wa-bridge/node_modules/libsignal/src/queue_job.js:20:29)
Session error:Error: Bad MAC Error: Bad MAC
    at Object.verifyMAC (/Users/guillermosierraaiello/dev/cursor-orchestrator/wa-bridge/node_modules/libsignal/src/crypto.js:87:15)
    at SessionCipher.doDecryptWhisperMessage (/Users/guillermosierraaiello/dev/cursor-orchestrator/wa-bridge/node_modules/libsignal/src/session_cipher.js:250:16)
    at async SessionCipher.decryptWithSessions (/Users/guillermosierraaiello/dev/cursor-orchestrator/wa-bridge/node_modules/libsignal/src/session_cipher.js:147:29)
    at async 220653995167847.0 [as awaitable] (/Users/guillermosierraaiello/dev/cursor-orchestrator/wa-bridge/node_modules/libsignal/src/session_cipher.js:171:28)
    at async _asyncQueueExecutor (/Users/guillermosierraaiello/dev/cursor-orchestrator/wa-bridge/node_modules/libsignal/src/queue_job.js:20:29)
Session error:Error: Bad MAC Error: Bad MAC
    at Object.verifyMAC (/Users/guillermosierraaiello/dev/cursor-orchestrator/wa-bridge/node_modules/libsignal/src/crypto.js:87:15)
    at SessionCipher.doDecryptWhisperMessage (/Users/guillermosierraaiello/dev/cursor-orchestrator/wa-bridge/node_modules/libsignal/src/session_cipher.js:250:16)
    at async SessionCipher.decryptWithSessions (/Users/guillermosierraaiello/dev/cursor-orchestrator/wa-bridge/node_modules/libsignal/src/session_cipher.js:147:29)
    at async 220653995167847.0 [as awaitable] (/Users/guillermosierraaiello/dev/cursor-orchestrator/wa-bridge/node_modules/libsignal/src/session_cipher.js:171:28)
    at async _asyncQueueExecutor (/Users/guillermosierraaiello/dev/cursor-orchestrator/wa-bridge/node_modules/libsignal/src/queue_job.js:20:29)
Session error:Error: Bad MAC Error: Bad MAC
    at Object.verifyMAC (/Users/guillermosierraaiello/dev/cursor-orchestrator/wa-bridge/node_modules/libsignal/src/crypto.js:87:15)
    at SessionCipher.doDecryptWhisperMessage (/Users/guillermosierraaiello/dev/cursor-orchestrator/wa-bridge/node_modules/libsignal/src/session_cipher.js:250:16)
    at async SessionCipher.decryptWithSessions (/Users/guillermosierraaiello/dev/cursor-orchestrator/wa-bridge/node_modules/libsignal/src/session_cipher.js:147:29)
    at async 220653995167847.0 [as awaitable] (/Users/guillermosierraaiello/dev/cursor-orchestrator/wa-bridge/node_modules/libsignal/src/session_cipher.js:171:28)
    at async _asyncQueueExecutor (/Users/guillermosierraaiello/dev/cursor-orchestrator/wa-bridge/node_modules/libsignal/src/queue_job.js:20:29)
Session error:Error: Bad MAC Error: Bad MAC
    at Object.verifyMAC (/Users/guillermosierraaiello/dev/cursor-orchestrator/wa-bridge/node_modules/libsignal/src/crypto.js:87:15)
    at SessionCipher.doDecryptWhisperMessage (/Users/guillermosierraaiello/dev/cursor-orchestrator/wa-bridge/node_modules/libsignal/src/session_cipher.js:250:16)
    at async SessionCipher.decryptWithSessions (/Users/guillermosierraaiello/dev/cursor-orchestrator/wa-bridge/node_modules/libsignal/src/session_cipher.js:147:29)
    at async 220653995167847.0 [as awaitable] (/Users/guillermosierraaiello/dev/cursor-orchestrator/wa-bridge/node_modules/libsignal/src/session_cipher.js:171:28)
    at async _asyncQueueExecutor (/Users/guillermosierraaiello/dev/cursor-orchestrator/wa-bridge/node_modules/libsignal/src/queue_job.js:20:29)
Session error:Error: Bad MAC Error: Bad MAC
    at Object.verifyMAC (/Users/guillermosierraaiello/dev/cursor-orchestrator/wa-bridge/node_modules/libsignal/src/crypto.js:87:15)
    at SessionCipher.doDecryptWhisperMessage (/Users/guillermosierraaiello/dev/cursor-orchestrator/wa-bridge/node_modules/libsignal/src/session_cipher.js:250:16)
    at async SessionCipher.decryptWithSessions (/Users/guillermosierraaiello/dev/cursor-orchestrator/wa-bridge/node_modules/libsignal/src/session_cipher.js:147:29)
    at async 220653995167847.0 [as awaitable] (/Users/guillermosierraaiello/dev/cursor-orchestrator/wa-bridge/node_modules/libsignal/src/session_cipher.js:171:28)
    at async _asyncQueueExecutor (/Users/guillermosierraaiello/dev/cursor-orchestrator/wa-bridge/node_modules/libsignal/src/queue_job.js:20:29)
Session error:Error: Bad MAC Error: Bad MAC
    at Object.verifyMAC (/Users/guillermosierraaiello/dev/cursor-orchestrator/wa-bridge/node_modules/libsignal/src/crypto.js:87:15)
    at SessionCipher.doDecryptWhisperMessage (/Users/guillermosierraaiello/dev/cursor-orchestrator/wa-bridge/node_modules/libsignal/src/session_cipher.js:250:16)
    at async SessionCipher.decryptWithSessions (/Users/guillermosierraaiello/dev/cursor-orchestrator/wa-bridge/node_modules/libsignal/src/session_cipher.js:147:29)
    at async 220653995167847.0 [as awaitable] (/Users/guillermosierraaiello/dev/cursor-orchestrator/wa-bridge/node_modules/libsignal/src/session_cipher.js:171:28)
    at async _asyncQueueExecutor (/Users/guillermosierraaiello/dev/cursor-orchestrator/wa-bridge/node_modules/libsignal/src/queue_job.js:20:29)
